#
# There is insufficient memory for the Java Runtime Environment to continue.
# Native memory allocation (mmap) failed to map 132120576 bytes for G1 virtual space
# Possible reasons:
#   The system is out of physical RAM or swap space
#   The process is running with CompressedOops enabled, and the Java Heap may be blocking the growth of the native heap
# Possible solutions:
#   Reduce memory load on the system
#   Increase physical memory or swap space
#   Check if swap backing store is full
#   Decrease Java heap size (-Xmx/-Xms)
#   Decrease number of Java threads
#   Decrease Java thread stack sizes (-Xss)
#   Set larger code cache with -XX:ReservedCodeCacheSize=
#   JVM is running with Unscaled Compressed Oops mode in which the Java heap is
#     placed in the first 4GB address space. The Java Heap base address is the
#     maximum limit for the native heap growth. Please use -XX:HeapBaseMinAddress
#     to set the Java Heap base and to place the Java Heap above 4GB virtual address.
# This output file may be truncated or incomplete.
#
#  Out of Memory Error (os_windows.cpp:3528), pid=26856, tid=6628
#
# JRE version:  (20.0.2+9) (build )
# Java VM: Java HotSpot(TM) 64-Bit Server VM (20.0.2+9-78, mixed mode, sharing, tiered, compressed oops, compressed class ptrs, g1 gc, windows-amd64)
# No core dump will be written. Minidumps are not enabled by default on client versions of Windows
#

---------------  S U M M A R Y ------------

Command Line: C:\Users\Marky Caratao\AppData\Local\Temp\surefire1748798865663141955\surefirebooter8726116196579805485.jar C:\Users\Marky Caratao\AppData\Local\Temp\surefire1748798865663141955 2023-08-10T11-49-51_864-jvmRun1 surefire8752503866989481272tmp surefire_02362050729770450734tmp

Host: Intel(R) Core(TM) i3-10110U CPU @ 2.10GHz, 4 cores, 7G,  Windows 11 , 64 bit Build 22621 (10.0.22621.1635)
Time: Thu Aug 10 11:49:52 2023 Malay Peninsula Standard Time elapsed time: 0.013606 seconds (0d 0h 0m 0s)

---------------  T H R E A D  ---------------

Current thread (0x000001d6fef37dd0):  JavaThread "Unknown thread" [_thread_in_vm, id=6628, stack(0x0000001f33200000,0x0000001f33300000)]

Stack: [0x0000001f33200000,0x0000001f33300000]
Native frames: (J=compiled Java code, j=interpreted, Vv=VM code, C=native code)
V  [jvm.dll+0x6bc25a]
V  [jvm.dll+0x84971a]
V  [jvm.dll+0x84b315]
V  [jvm.dll+0x84ba13]
V  [jvm.dll+0x280e4f]
V  [jvm.dll+0x6b8fe9]
V  [jvm.dll+0x6adbca]
V  [jvm.dll+0x35b165]
V  [jvm.dll+0x363386]
V  [jvm.dll+0x3b400e]
V  [jvm.dll+0x3b4295]
V  [jvm.dll+0x32b86a]
V  [jvm.dll+0x32c68b]
V  [jvm.dll+0x8123df]
V  [jvm.dll+0x3c1261]
V  [jvm.dll+0x7fe103]
V  [jvm.dll+0x44ccaf]
V  [jvm.dll+0x44e621]
C  [jli.dll+0x5287]
C  [ucrtbase.dll+0x29363]
C  [KERNEL32.DLL+0x126ad]
C  [ntdll.dll+0x5a9f8]


---------------  P R O C E S S  ---------------

Threads class SMR info:
_java_thread_list=0x00007ffcf578b118, length=0, elements={
}

Java Threads: ( => current thread )

Other Threads:
  0x000001d6fef97d90 WorkerThread "GC Thread#0" [stack: 0x0000001f33300000,0x0000001f33400000] [id=26552]
  0x000001d6fefa8aa0 ConcurrentGCThread "G1 Main Marker" [stack: 0x0000001f33400000,0x0000001f33500000] [id=27424]
  0x000001d6fefa9c70 WorkerThread "G1 Conc#0" [stack: 0x0000001f33500000,0x0000001f33600000] [id=27936]

[error occurred during error reporting (printing all threads), id 0xc0000005, EXCEPTION_ACCESS_VIOLATION (0xc0000005) at pc=0x00007ffcf4f6eea7]
VM state: not at safepoint (not fully initialized)

VM Mutex/Monitor currently owned by a thread:  ([mutex/lock_event])
[0x000001d6fef354e0] Heap_lock - owner thread: 0x000001d6fef37dd0

Heap address: 0x0000000082800000, size: 2008 MB, Compressed Oops mode: 32-bit

CDS archive(s) mapped at: [0x0000000000000000-0x0000000000000000-0x0000000000000000), size 0, SharedBaseAddress: 0x0000000800000000, ArchiveRelocationMode: 1.
Narrow klass base: 0x0000000000000000, Narrow klass shift: 0, Narrow klass range: 0x0

GC Precious Log:
 CardTable entry size: 512
 Card Set container configuration: InlinePtr #cards 5 size 8 Array Of Cards #cards 12 size 40 Howl #buckets 4 coarsen threshold 1843 Howl Bitmap #cards 512 size 80 coarsen threshold 460 Card regions per heap region 1 cards per card region 2048

Heap:
 garbage-first heap   total 0K, used 0K [0x0000000082800000, 0x0000000100000000)
  region size 1024K, 0 young (0K), 0 survivors (0K)

[error occurred during error reporting (printing heap information), id 0xc0000005, EXCEPTION_ACCESS_VIOLATION (0xc0000005) at pc=0x00007ffcf53447b9]
GC Heap History (0 events):
No events

Dll operation events (1 events):
Event: 0.009 Loaded shared library C:\Program Files\Java\jdk-20\bin\java.dll

Deoptimization events (0 events):
No events

Classes loaded (0 events):
No events

Classes unloaded (0 events):
No events

Classes redefined (0 events):
No events

Internal exceptions (0 events):
No events

VM Operations (0 events):
No events

Events (0 events):
No events


Dynamic libraries:
0x00007ff6bf600000 - 0x00007ff6bf610000 	C:\Program Files\Java\jdk-20\bin\java.exe
0x00007ffd6a650000 - 0x00007ffd6a864000 	C:\WINDOWS\SYSTEM32\ntdll.dll
0x00007ffd6a530000 - 0x00007ffd6a5f2000 	C:\WINDOWS\System32\KERNEL32.DLL
0x00007ffd67c50000 - 0x00007ffd67ff3000 	C:\WINDOWS\System32\KERNELBASE.dll
0x00007ffd68000000 - 0x00007ffd68111000 	C:\WINDOWS\System32\ucrtbase.dll
0x00007ffd58be0000 - 0x00007ffd58bfb000 	C:\Program Files\Java\jdk-20\bin\VCRUNTIME140.dll
0x00007ffd57f70000 - 0x00007ffd57f89000 	C:\Program Files\Java\jdk-20\bin\jli.dll
0x00007ffd699a0000 - 0x00007ffd69a4e000 	C:\WINDOWS\System32\ADVAPI32.dll
0x00007ffd68bc0000 - 0x00007ffd68c67000 	C:\WINDOWS\System32\msvcrt.dll
0x00007ffd69790000 - 0x00007ffd69834000 	C:\WINDOWS\System32\sechost.dll
0x00007ffd68d70000 - 0x00007ffd68e87000 	C:\WINDOWS\System32\RPCRT4.dll
0x00007ffd68ef0000 - 0x00007ffd6909b000 	C:\WINDOWS\System32\USER32.dll
0x00007ffd68240000 - 0x00007ffd68266000 	C:\WINDOWS\System32\win32u.dll
0x00007ffd4c840000 - 0x00007ffd4cace000 	C:\WINDOWS\WinSxS\amd64_microsoft.windows.common-controls_6595b64144ccf1df_6.0.22621.1635_none_270f70857386168e\COMCTL32.dll
0x00007ffd698e0000 - 0x00007ffd69909000 	C:\WINDOWS\System32\GDI32.dll
0x00007ffd68270000 - 0x00007ffd68388000 	C:\WINDOWS\System32\gdi32full.dll
0x00007ffd68120000 - 0x00007ffd681ba000 	C:\WINDOWS\System32\msvcp_win.dll
0x00007ffd576a0000 - 0x00007ffd576aa000 	C:\WINDOWS\SYSTEM32\VERSION.dll
0x00007ffd69a50000 - 0x00007ffd69a81000 	C:\WINDOWS\System32\IMM32.DLL
0x00007ffd58bd0000 - 0x00007ffd58bdc000 	C:\Program Files\Java\jdk-20\bin\vcruntime140_1.dll
0x00007ffd45850000 - 0x00007ffd458de000 	C:\Program Files\Java\jdk-20\bin\msvcp140.dll
0x00007ffcf4c30000 - 0x00007ffcf58c8000 	C:\Program Files\Java\jdk-20\bin\server\jvm.dll
0x00007ffd58330000 - 0x00007ffd58339000 	C:\WINDOWS\SYSTEM32\WSOCK32.dll
0x00007ffd65720000 - 0x00007ffd65754000 	C:\WINDOWS\SYSTEM32\WINMM.dll
0x00007ffd69840000 - 0x00007ffd698b1000 	C:\WINDOWS\System32\WS2_32.dll
0x00007ffd66b60000 - 0x00007ffd66b78000 	C:\WINDOWS\SYSTEM32\kernel.appcore.dll
0x00007ffd580f0000 - 0x00007ffd580fa000 	C:\Program Files\Java\jdk-20\bin\jimage.dll
0x00007ffd65160000 - 0x00007ffd6538e000 	C:\WINDOWS\SYSTEM32\DBGHELP.DLL
0x00007ffd684b0000 - 0x00007ffd68839000 	C:\WINDOWS\System32\combase.dll
0x00007ffd691c0000 - 0x00007ffd69297000 	C:\WINDOWS\System32\OLEAUT32.dll
0x00007ffd582f0000 - 0x00007ffd58322000 	C:\WINDOWS\SYSTEM32\dbgcore.DLL
0x00007ffd681c0000 - 0x00007ffd6823b000 	C:\WINDOWS\System32\bcryptPrimitives.dll
0x00007ffd55c90000 - 0x00007ffd55cb6000 	C:\Program Files\Java\jdk-20\bin\java.dll

dbghelp: loaded successfully - version: 4.0.5 - missing functions: none
symbol engine: initialized successfully - sym options: 0x614 - pdb path: .;C:\Program Files\Java\jdk-20\bin;C:\WINDOWS\SYSTEM32;C:\WINDOWS\WinSxS\amd64_microsoft.windows.common-controls_6595b64144ccf1df_6.0.22621.1635_none_270f70857386168e;C:\Program Files\Java\jdk-20\bin\server

VM Arguments:
java_command: C:\Users\Marky Caratao\AppData\Local\Temp\surefire1748798865663141955\surefirebooter8726116196579805485.jar C:\Users\Marky Caratao\AppData\Local\Temp\surefire1748798865663141955 2023-08-10T11-49-51_864-jvmRun1 surefire8752503866989481272tmp surefire_02362050729770450734tmp
java_class_path (initial): C:\Users\Marky Caratao\AppData\Local\Temp\surefire1748798865663141955\surefirebooter8726116196579805485.jar
Launcher Type: SUN_STANDARD

[Global flags]
     intx CICompilerCount                          = 3                                         {product} {ergonomic}
     uint ConcGCThreads                            = 1                                         {product} {ergonomic}
     uint G1ConcRefinementThreads                  = 4                                         {product} {ergonomic}
   size_t G1HeapRegionSize                         = 1048576                                   {product} {ergonomic}
    uintx GCDrainStackTargetSize                   = 64                                        {product} {ergonomic}
   size_t InitialHeapSize                          = 132120576                                 {product} {ergonomic}
   size_t MarkStackSize                            = 4194304                                   {product} {ergonomic}
   size_t MaxHeapSize                              = 2105540608                                {product} {ergonomic}
   size_t MinHeapDeltaBytes                        = 1048576                                   {product} {ergonomic}
   size_t MinHeapSize                              = 8388608                                   {product} {ergonomic}
    uintx NonNMethodCodeHeapSize                   = 5832780                                {pd product} {ergonomic}
    uintx NonProfiledCodeHeapSize                  = 122912730                              {pd product} {ergonomic}
    uintx ProfiledCodeHeapSize                     = 122912730                              {pd product} {ergonomic}
    uintx ReservedCodeCacheSize                    = 251658240                              {pd product} {ergonomic}
     bool SegmentedCodeCache                       = true                                      {product} {ergonomic}
   size_t SoftMaxHeapSize                          = 2105540608                             {manageable} {ergonomic}
     bool UseCompressedClassPointers               = true                           {product lp64_product} {ergonomic}
     bool UseCompressedOops                        = true                           {product lp64_product} {ergonomic}
     bool UseG1GC                                  = true                                      {product} {ergonomic}
     bool UseLargePagesIndividualAllocation        = false                                  {pd product} {ergonomic}

Logging:
Log output configuration:
 #0: stdout all=warning uptime,level,tags foldmultilines=false
 #1: stderr all=off uptime,level,tags foldmultilines=false

Environment Variables:
JAVA_HOME=C:\Program Files\Java\jdk-20
PATH=C:\WINDOWS\system32;C:\WINDOWS;C:\WINDOWS\System32\Wbem;C:\WINDOWS\System32\WindowsPowerShell\v1.0\;C:\WINDOWS\System32\OpenSSH\;C:\Program Files\nodejs\;C:\Program Files\Java\jdk-20\bin;C:\Program Files\Maven\apache-maven-3.9.4\bin;C:\Program Files\Git\cmd;C:\Program Files\Git\bin;C:\Users\Marky Caratao\AppData\Local\Microsoft\WindowsApps;C:\Users\Marky Caratao\AppData\Roaming\npm;C:\Program Files\Java\jdk-20\bin;
USERNAME=Marky Caratao
OS=Windows_NT
PROCESSOR_IDENTIFIER=Intel64 Family 6 Model 142 Stepping 12, GenuineIntel
TMP=C:\Users\MARKYC~1\AppData\Local\Temp
TEMP=C:\Users\MARKYC~1\AppData\Local\Temp




---------------  S Y S T E M  ---------------

OS:
 Windows 11 , 64 bit Build 22621 (10.0.22621.1635)
OS uptime: 27 days 22:10 hours

CPU: total 4 (initial active 4) (2 cores per cpu, 2 threads per core) family 6 model 142 stepping 12 microcode 0xde, cx8, cmov, fxsr, ht, mmx, 3dnowpref, sse, sse2, sse3, ssse3, sse4.1, sse4.2, popcnt, lzcnt, tsc, tscinvbit, avx, avx2, aes, erms, clmul, bmi1, bmi2, adx, fma, vzeroupper, clflush, clflushopt, rdtscp, f16c

Memory: 4k page, system-wide physical 8025M (551M free)
TotalPageFile size 23385M (AvailPageFile size 74M)
current process WorkingSet (physical memory assigned to process): 11M, peak: 11M
current process commit charge ("private bytes"): 52M, peak: 178M

vm_info: Java HotSpot(TM) 64-Bit Server VM (20.0.2+9-78) for windows-amd64 JRE (20.0.2+9-78), built on 2023-06-14T10:08:48Z by "mach5one" with MS VC++ 17.1 (VS2022)

END.
